=== Логи сервера ===
[2025-09-16T22:01:51.365Z] INFO: Сервер запущено на порті 5051
[2025-09-16T22:02:40.789Z] API: Виклик API: POST /login
[2025-09-16T22:02:41.047Z] АВТОРИЗАЦІЯ: Користувач увійшов: alexx@example.com
[2025-09-16T22:02:41.127Z] API: Виклик API: GET /api/movies
[2025-09-16T22:02:42.410Z] API: Виклик API: GET /api/sync-movies
[2025-09-16T22:02:42.986Z] API: Синхронізація фільмів завершена. Нові фільми: 20
[2025-09-16T22:02:43.014Z] API: Виклик API: GET /api/movies
[2025-09-16T22:03:07.309Z] API: Виклик API: GET /api/sync-movies
[2025-09-16T22:03:07.556Z] API: Синхронізація фільмів завершена. Нові фільми: 20
[2025-09-16T22:03:07.591Z] API: Виклик API: GET /api/movies
[2025-09-16T22:03:08.305Z] API: Виклик API: GET /api/sync-movies
[2025-09-16T22:03:08.438Z] API: Синхронізація фільмів завершена. Нові фільми: 20
[2025-09-16T22:03:08.467Z] API: Виклик API: GET /api/movies
[2025-09-16T22:03:22.075Z] API: Виклик API: POST /api/movies/382/comment
[2025-09-16T22:03:22.164Z] КОМЕНТАРІ: Додано коментар від користувача 15 для фільму 382
[2025-09-16T22:03:50.152Z] API: Виклик API: GET /api/sync-movies
[2025-09-16T22:03:50.438Z] API: Синхронізація фільмів завершена. Нові фільми: 20
[2025-09-16T22:03:50.468Z] API: Виклик API: GET /api/movies
[2025-09-16T22:03:51.168Z] API: Виклик API: GET /api/sync-movies
[2025-09-16T22:03:51.381Z] API: Синхронізація фільмів завершена. Нові фільми: 20
[2025-09-16T22:03:51.402Z] API: Виклик API: GET /api/movies
[2025-09-16T22:03:52.296Z] API: Виклик API: GET /api/sync-movies
[2025-09-16T22:03:52.512Z] API: Синхронізація фільмів завершена. Нові фільми: 20
[2025-09-16T22:03:52.552Z] API: Виклик API: GET /api/movies
[2025-09-16T22:03:53.393Z] API: Виклик API: GET /api/sync-movies
[2025-09-16T22:03:53.566Z] API: Синхронізація фільмів завершена. Нові фільми: 20
[2025-09-16T22:03:53.579Z] API: Виклик API: GET /api/movies
[2025-09-16T22:47:31.504Z] INFO: Сервер запущено на порті 5051
[2025-09-16T22:48:55.745Z] API: Виклик API: POST /login
[2025-09-16T22:48:56.043Z] АВТОРИЗАЦІЯ: Користувач увійшов: alexx@example.com
[2025-09-16T22:48:56.124Z] API: Виклик API: GET /api/movies
[2025-09-16T22:48:57.472Z] API: Виклик API: GET /api/sync-movies
[2025-09-16T22:48:58.162Z] API: Синхронізація фільмів завершена. Нові фільми: 20
[2025-09-16T22:48:58.215Z] API: Виклик API: GET /api/movies
[2025-09-16T22:48:58.826Z] API: Виклик API: GET /api/sync-movies
[2025-09-16T22:48:59.032Z] API: Синхронізація фільмів завершена. Нові фільми: 20
[2025-09-16T22:48:59.052Z] API: Виклик API: GET /api/movies
[2025-09-16T22:49:01.627Z] API: Виклик API: POST /api/movies/4062/reaction
[2025-09-16T22:49:03.138Z] API: Виклик API: POST /api/movies/4062/reaction
[2025-09-16T22:49:29.500Z] API: Виклик API: POST /api/movies/500/comment
[2025-09-16T22:49:29.651Z] КОМЕНТАРІ: Додано коментар від користувача 15 для фільму 500
[2025-09-16T22:49:33.959Z] API: Виклик API: GET /api/movies
[2025-09-16T22:49:33.991Z] API: Виклик API: GET /api/comments/500
[2025-09-16T22:49:42.093Z] API: Виклик API: GET /api/movies
[2025-09-16T22:49:44.338Z] API: Виклик API: GET /api/movies
[2025-09-16T22:49:44.367Z] API: Виклик API: GET /api/comments/496
[2025-09-16T23:17:33.820Z] API: Виклик API: GET /api/movies
[2025-09-16T23:17:33.864Z] API: Виклик API: GET /api/comments/496
[2025-09-16T23:22:17.638Z] API: Виклик API: GET /api/movies
[2025-09-16T23:22:19.032Z] API: Виклик API: GET /api/sync-movies
[2025-09-16T23:22:19.455Z] API: Синхронізація фільмів завершена. Нові фільми: 20
[2025-09-16T23:22:19.468Z] API: Виклик API: GET /api/movies
[2025-09-16T23:22:20.439Z] API: Виклик API: GET /api/movies
[2025-09-16T23:22:20.468Z] API: Виклик API: GET /api/comments/4062
[2025-09-16T23:22:28.043Z] API: Виклик API: GET /api/movies
[2025-09-16T23:22:29.819Z] API: Виклик API: GET /api/movies
[2025-09-16T23:22:29.847Z] API: Виклик API: GET /api/comments/4062
[2025-09-16T23:23:30.051Z] INFO: Сервер запущено на порті 5051
[2025-09-16T23:24:26.531Z] API: Виклик API: POST /login
[2025-09-16T23:24:26.789Z] АВТОРИЗАЦІЯ: Користувач увійшов: vit@example.com
[2025-09-16T23:24:26.864Z] API: Виклик API: GET /api/movies
[2025-09-16T23:24:28.859Z] API: Виклик API: GET /api/sync-movies
[2025-09-16T23:24:29.390Z] API: Синхронізація фільмів завершена. Нові фільми: 20
[2025-09-16T23:24:29.404Z] API: Виклик API: GET /api/movies
[2025-09-16T23:24:29.969Z] API: Виклик API: GET /api/movies
[2025-09-16T23:24:30.001Z] API: Виклик API: GET /api/comments/4062
[2025-09-16T23:24:37.560Z] API: Виклик API: GET /api/movies
[2025-09-16T23:24:40.372Z] API: Виклик API: GET /api/movies
[2025-09-16T23:24:40.406Z] API: Виклик API: GET /api/comments/500
[2025-09-16T23:24:43.775Z] API: Виклик API: GET /api/movies
[2025-09-16T23:29:01.580Z] API: Виклик API: GET /api/sync-movies
[2025-09-16T23:29:01.870Z] API: Синхронізація фільмів завершена. Нові фільми: 20
[2025-09-16T23:29:01.894Z] API: Виклик API: GET /api/movies
[2025-09-16T23:29:02.678Z] API: Виклик API: GET /api/movies
[2025-09-16T23:29:02.711Z] API: Виклик API: GET /api/comments/12
[2025-09-16T23:29:10.168Z] API: Виклик API: GET /api/movies
[2025-09-16T23:29:10.204Z] API: Виклик API: GET /api/comments/12
[2025-09-16T23:31:57.321Z] API: Виклик API: GET /api/movies
[2025-09-16T23:31:57.376Z] API: Виклик API: GET /api/comments/12
[2025-09-16T23:31:59.712Z] API: Виклик API: GET /api/movies
[2025-09-16T23:31:59.743Z] API: Виклик API: GET /api/comments/12
[2025-09-16T23:32:03.828Z] API: Виклик API: GET /api/movies
[2025-09-16T23:32:04.978Z] API: Виклик API: GET /api/movies
[2025-09-16T23:32:05.007Z] API: Виклик API: GET /api/comments/496
[2025-09-16T23:32:12.141Z] API: Виклик API: GET /api/movies
[2025-09-16T23:32:13.559Z] API: Виклик API: GET /api/movies
[2025-09-16T23:32:13.588Z] API: Виклик API: GET /api/comments/4062
[2025-09-16T23:32:16.520Z] API: Виклик API: GET /api/movies
[2025-09-16T23:32:26.641Z] API: Виклик API: GET /api/movies
[2025-09-16T23:32:26.671Z] API: Виклик API: GET /api/comments/7
[2025-09-16T23:32:32.991Z] API: Виклик API: POST /api/movies/7/comment
[2025-09-16T23:32:33.109Z] КОМЕНТАРІ: Додано коментар від користувача 3 для фільму 7
[2025-09-16T23:35:09.065Z] API: Виклик API: GET /api/movies
[2025-09-16T23:35:09.130Z] API: Виклик API: GET /api/comments/7
[2025-09-16T23:42:04.863Z] INFO: Сервер запущено на порті 5051
[2025-09-16T23:44:04.530Z] API: Виклик API: POST /login
[2025-09-16T23:44:04.797Z] АВТОРИЗАЦІЯ: Користувач увійшов: vit@example.com
[2025-09-16T23:44:04.908Z] API: Виклик API: GET /api/movies
[2025-09-16T23:44:07.347Z] API: Виклик API: GET /api/sync-movies
[2025-09-16T23:44:07.986Z] API: Синхронізація фільмів завершена. Нові фільми: 20
[2025-09-16T23:44:08.020Z] API: Виклик API: GET /api/movies
[2025-09-16T23:44:14.884Z] API: Виклик API: GET /api/sync-movies
[2025-09-16T23:44:15.103Z] API: Синхронізація фільмів завершена. Нові фільми: 20
[2025-09-16T23:44:15.140Z] API: Виклик API: GET /api/movies
[2025-09-16T23:44:58.767Z] API: Виклик API: GET /api/movies
[2025-09-16T23:44:58.797Z] API: Виклик API: GET /api/comments/500
[2025-09-16T23:50:10.751Z] API: Виклик API: GET /api/movies
[2025-09-16T23:50:12.917Z] API: Виклик API: GET /api/sync-movies
[2025-09-16T23:50:13.170Z] API: Синхронізація фільмів завершена. Нові фільми: 20
[2025-09-16T23:50:13.185Z] API: Виклик API: GET /api/movies
